ログ
試合時間 42:42
1手目  BB : 黒 : (0, 0)

2手目  BB : 白 : (1, 2)

3手目  BB : 黒 : (0, 0)

4手目  BB : 白 : (0, 0)

5手目  BB : 黒 : (0, 1)

6手目  BB : 白 : (2, 0)

7手目  BB : 黒 : (1, 0)

8手目  BB : 白 : (1, 2)

9手目  BB : 黒 : (0, 1)

10手目  BB : 白 : (1, 0)

11手目  BB : 黒 : (1, 0)

12手目  BB : 白 : (1, 0)

13手目  BB : 黒 : (0, 0)  ※無効座標を返したため、 (0, 0)に強制配置

14手目  BB : 白 : (2, 1)

15手目  BB : 黒 : (2, 0)  ※無効座標を返したため、 (2, 0)に強制配置

16手目  BB : 白 : (0, 3)

17手目  BB : 黒 : (0, 3)

18手目  BB : 白 : (0, 3)

19手目  BB : 黒 : (0, 3)

20手目  BB : 白 : (2, 0)  ※無効座標を返したため、 (2, 0)に強制配置

21手目  BB : 黒 : (2, 0)  ※無効座標を返したため、 (2, 0)に強制配置

22手目  BB : 白 : (3, 0)  ※無効座標を返したため、 (3, 0)に強制配置

🎉 BB が 22手で勝利！