試合時間 0:38
1手目  santori : 黒 : (0, 0)

2手目  santori : 白 : (0, 0)

3手目  santori : 黒 : (0, 0)

4手目  santori : 白 : (0, 0)

5手目  santori : 黒 : (0, 1)

6手目  santori : 白 : (0, 1)

7手目  santori : 黒 : (0, 1)

8手目  santori : 白 : (0, 1)

9手目  santori : 黒 : (1, 0)  ※無効座標を返したため、 (1, 0)に強制配置

10手目  santori : 白 : (1, 0)  ※無効座標を返したため、 (1, 0)に強制配置

11手目  santori : 黒 : (1, 0)  ※無効座標を返したため、 (1, 0)に強制配置

12手目  santori : 白 : (1, 0)  ※無効座標を返したため、 (1, 0)に強制配置

13手目  santori : 黒 : (0, 2)

14手目  santori : 白 : (0, 2)

15手目  santori : 黒 : (3, 0)

16手目  santori : 白 : (0, 2)

17手目  santori : 黒 : (0, 2)

18手目  santori : 白 : (2, 0)  ※無効座標を返したため、 (2, 0)に強制配置

19手目  santori : 黒 : (3, 0)

20手目  santori : 白 : (2, 0)  ※無効座標を返したため、 (2, 0)に強制配置

21手目  santori : 黒 : (3, 0)

22手目  santori : 白 : (2, 0)  ※無効座標を返したため、 (2, 0)に強制配置

23手目  santori : 黒 : (0, 3)

🎉 santori が 23手で勝利！